0 info it worked if it ends with ok
<<<<<<< HEAD
1 verbose cli [ '/usr/local/bin/node', '/usr/local/bin/npm', 'start' ]
2 info using npm@1.4.14
3 info using node@v0.10.29
=======
1 verbose cli [ '/root/.nvm/v4.0.0/bin/node',
1 verbose cli   '/root/.nvm/v4.0.0/bin/npm',
1 verbose cli   'start' ]
2 info using npm@2.14.2
3 info using node@v4.0.0
>>>>>>> 8b3bd44519179a25ae3eb5f2b3ce6dff04570d58
4 verbose run-script [ 'prestart', 'start', 'poststart' ]
5 info prestart deals@0.0.0
6 info start deals@0.0.0
7 verbose unsafe-perm in lifecycle true
8 info deals@0.0.0 Failed to exec start script
<<<<<<< HEAD
9 error deals@0.0.0 start: `node ./bin/www`
9 error Exit status 1
10 error Failed at the deals@0.0.0 start script.
10 error This is most likely a problem with the deals package,
10 error not with npm itself.
10 error Tell the author that this fails on your system:
10 error     node ./bin/www
10 error You can get their info via:
10 error     npm owner ls deals
10 error There is likely additional logging output above.
11 error System Linux 2.6.32-431.17.1.el6.x86_64
12 error command "/usr/local/bin/node" "/usr/local/bin/npm" "start"
13 error cwd /home/bigdata/public_html/posma_app/posmaapp
14 error node -v v0.10.29
15 error npm -v 1.4.14
16 error code ELIFECYCLE
17 verbose exit [ 1, true ]
=======
9 verbose stack Error: deals@0.0.0 start: `node ./bin/www`
9 verbose stack Exit status 1
9 verbose stack     at EventEmitter.<anonymous> (/root/.nvm/v4.0.0/lib/node_modules/npm/lib/utils/lifecycle.js:214:16)
9 verbose stack     at emitTwo (events.js:87:13)
9 verbose stack     at EventEmitter.emit (events.js:172:7)
9 verbose stack     at ChildProcess.<anonymous> (/root/.nvm/v4.0.0/lib/node_modules/npm/lib/utils/spawn.js:24:14)
9 verbose stack     at emitTwo (events.js:87:13)
9 verbose stack     at ChildProcess.emit (events.js:172:7)
9 verbose stack     at maybeClose (internal/child_process.js:817:16)
9 verbose stack     at Process.ChildProcess._handle.onexit (internal/child_process.js:211:5)
10 verbose pkgid deals@0.0.0
11 verbose cwd /home/ramanpreetk/Ramanpreet/Official/projects/posmaapp
12 error Linux 3.13.0-32-generic
13 error argv "/root/.nvm/v4.0.0/bin/node" "/root/.nvm/v4.0.0/bin/npm" "start"
14 error node v4.0.0
15 error npm  v2.14.2
16 error code ELIFECYCLE
17 error deals@0.0.0 start: `node ./bin/www`
17 error Exit status 1
18 error Failed at the deals@0.0.0 start script 'node ./bin/www'.
18 error This is most likely a problem with the deals package,
18 error not with npm itself.
18 error Tell the author that this fails on your system:
18 error     node ./bin/www
18 error You can get their info via:
18 error     npm owner ls deals
18 error There is likely additional logging output above.
19 verbose exit [ 1, true ]
>>>>>>> 8b3bd44519179a25ae3eb5f2b3ce6dff04570d58
